  [1m[35m (158.0ms)[0m  [1m[35mCREATE DATABASE "first_routes_development" ENCODING = 'unicode'[0m
  [1m[35m (398.5ms)[0m  [1m[35mCREATE DATABASE "first_routes_test" ENCODING = 'unicode'[0m
  [1m[35m (4.4ms)[0m  [1m[35mCREATE DATABASE "first_routes_development" ENCODING = 'unicode'[0m
  [1m[35m (14.8ms)[0m  [1m[35mCREATE DATABASE "first_routes_test" ENCODING = 'unicode'[0m
Started GET "/users" for ::1 at 2023-06-07 17:06:31 -0400

AbstractController::ActionNotFound - The action 'index' could not be found for UsersController:

Started GET "/users" for ::1 at 2023-06-07 17:08:14 -0400
Processing by UsersController#index as */*
No template found for UsersController#index, rendering head :no_content
Completed 204 No Content in 1ms (ActiveRecord: 0.0ms | Allocations: 273)


Started GET "/users" for ::1 at 2023-06-07 17:09:01 -0400
Processing by UsersController#index as HTML
Completed 406 Not Acceptable in 1ms (ActiveRecord: 0.0ms | Allocations: 682)



ActionController::MissingExactTemplate - UsersController#index is missing a template for request formats: text/html:

Started POST "/__better_errors/62845104b4d27f8f/variables" for ::1 at 2023-06-07 17:09:01 -0400
Started GET "/users" for ::1 at 2023-06-07 17:10:12 -0400
Processing by UsersController#index as */*
  Rendering text template
  Rendered text template (Duration: 0.1ms | Allocations: 13)
Completed 200 OK in 14ms (Views: 13.5ms | ActiveRecord: 0.0ms | Allocations: 1322)


Started GET "/users?fav_food=pizza" for ::1 at 2023-06-07 17:13:43 -0400
Processing by UsersController#index as */*
  Parameters: {"fav_food"=>"pizza"}
  Rendering text template
  Rendered text template (Duration: 0.1ms | Allocations: 5)
Completed 200 OK in 3ms (Views: 3.0ms | ActiveRecord: 0.0ms | Allocations: 173)


Started GET "/users?admin=true" for ::1 at 2023-06-07 17:14:20 -0400
Processing by UsersController#index as */*
  Parameters: {"admin"=>"true"}
  Rendering text template
  Rendered text template (Duration: 0.1ms | Allocations: 5)
Completed 200 OK in 1ms (Views: 0.7ms | ActiveRecord: 0.0ms | Allocations: 150)


Started POST "/users" for ::1 at 2023-06-07 17:15:27 -0400

AbstractController::ActionNotFound - The action 'create' could not be found for UsersController:

Started POST "/users" for ::1 at 2023-06-07 17:16:33 -0400

AbstractController::ActionNotFound - The action 'create' could not be found for UsersController:

Started POST "/users" for ::1 at 2023-06-07 17:16:46 -0400

AbstractController::ActionNotFound - The action 'create' could not be found for UsersController:

Started POST "/users" for ::1 at 2023-06-07 17:17:17 -0400
Processing by UsersController#create as */*
  Parameters: {"user["=>"\"broccoli\""}
Completed 200 OK in 1ms (Views: 0.4ms | Allocations: 242)


Started POST "/users" for ::1 at 2023-06-07 17:17:38 -0400
Processing by UsersController#create as */*
  Parameters: {"user"=>{"fav_food"=>"broccoli"}}
Completed 200 OK in 0ms (Views: 0.2ms | Allocations: 114)


Started GET "/users/2" for ::1 at 2023-06-07 17:18:59 -0400

AbstractController::ActionNotFound - The action 'show' could not be found for UsersController:

Started GET "/users/2" for ::1 at 2023-06-07 17:19:30 -0400
Processing by UsersController#show as */*
  Parameters: {"user"=>{"fav_food"=>"broccoli"}, "id"=>"2"}
Completed 200 OK in 1ms (Views: 0.6ms | Allocations: 218)


  [1m[35m (42.9ms)[0m  [1m[35mCREATE TABLE "schema_migrations" ("version" character varying NOT NULL PRIMARY KEY)[0m
  [1m[35m (4.6ms)[0m  [1m[35mCREATE TABLE "ar_internal_metadata" ("key" character varying NOT NULL PRIMARY KEY, "value" character varying, "created_at" timestamp(6) NOT NULL, "updated_at" timestamp(6) NOT NULL)[0m
  [1m[35m (0.5ms)[0m  [1m[34mSELECT pg_try_advisory_lock(7974280239715595190)[0m
  [1m[36mActiveRecord::SchemaMigration Pluck (0.8ms)[0m  [1m[34mSELECT "schema_migrations"."version" FROM "schema_migrations" ORDER BY "schema_migrations"."version" ASC[0m
Migrating to CreateUsers (20230607212722)
  [1m[36mTRANSACTION (0.9ms)[0m  [1m[35mBEGIN[0m
  [1m[35m (10.0ms)[0m  [1m[35mCREATE TABLE "users" ("id" bigserial primary key, "name" character varying NOT NULL, "email" character varying, "created_at" timestamp(6) NOT NULL, "updated_at" timestamp(6) NOT NULL)[0m
  [1m[36mActiveRecord::SchemaMigration Create (17.8ms)[0m  [1m[32mINSERT INTO "schema_migrations" ("version") VALUES ($1) RETURNING "version"[0m  [["version", "20230607212722"]]
  [1m[36mTRANSACTION (1.1ms)[0m  [1m[35mCOMMIT[0m
  [1m[36mActiveRecord::InternalMetadata Load (2.7ms)[0m  [1m[34mSELECT "ar_internal_metadata".* FROM "ar_internal_metadata" WHERE "ar_internal_metadata"."key" = $1 LIMIT $2[0m  [["key", "environment"], ["LIMIT", 1]]
  [1m[36mTRANSACTION (0.2ms)[0m  [1m[35mBEGIN[0m
  [1m[36mActiveRecord::InternalMetadata Create (2.5ms)[0m  [1m[32mINSERT INTO "ar_internal_metadata" ("key", "value", "created_at", "updated_at") VALUES ($1, $2, $3, $4) RETURNING "key"[0m  [["key", "environment"], ["value", "development"], ["created_at", "2023-06-07 21:30:26.654528"], ["updated_at", "2023-06-07 21:30:26.654528"]]
  [1m[36mTRANSACTION (0.6ms)[0m  [1m[35mCOMMIT[0m
  [1m[35m (0.5ms)[0m  [1m[34mSELECT pg_advisory_unlock(7974280239715595190)[0m
  [1m[36mActiveRecord::SchemaMigration Pluck (1.1ms)[0m  [1m[34mSELECT "schema_migrations"."version" FROM "schema_migrations" ORDER BY "schema_migrations"."version" ASC[0m
Started GET "/users/" for ::1 at 2023-06-07 17:32:37 -0400
  [1m[36mActiveRecord::SchemaMigration Pluck (0.8ms)[0m  [1m[34mSELECT "schema_migrations"."version" FROM "schema_migrations" ORDER BY "schema_migrations"."version" ASC[0m
Processing by UsersController#index as */*
  Parameters: {"user"=>{"fav_food"=>"broccoli"}}
Completed 500 Internal Server Error in 11ms (ActiveRecord: 0.0ms | Allocations: 2392)



NameError - uninitialized constant UsersController::User
    users = User.all
            ^^^^:
  app/controllers/users_controller.rb:5:in `index'

Started GET "/users" for ::1 at 2023-06-07 17:32:39 -0400
Processing by UsersController#index as */*
  Parameters: {"user"=>{"fav_food"=>"broccoli"}}
Completed 500 Internal Server Error in 8ms (ActiveRecord: 0.0ms | Allocations: 2328)



NameError - uninitialized constant UsersController::User
    users = User.all
            ^^^^:
  app/controllers/users_controller.rb:5:in `index'

Started GET "/users" for ::1 at 2023-06-07 17:33:56 -0400
Processing by UsersController#index as */*
  Parameters: {"user"=>{"fav_food"=>"broccoli"}}
  [1m[36mUser Load (3.7ms)[0m  [1m[34mSELECT "users".* FROM "users"[0m
  ↳ app/controllers/users_controller.rb:6:in `index'
Completed 200 OK in 14ms (Views: 6.0ms | ActiveRecord: 3.7ms | Allocations: 1696)


Started GET "/users/2" for ::1 at 2023-06-07 17:34:21 -0400
Processing by UsersController#show as */*
  Parameters: {"user"=>{"fav_food"=>"broccoli"}, "id"=>"2"}
Completed 200 OK in 0ms (Views: 0.2ms | ActiveRecord: 0.0ms | Allocations: 133)


Started GET "/users" for ::1 at 2023-06-07 17:34:32 -0400
Processing by UsersController#index as */*
  Parameters: {"user"=>{"fav_food"=>"broccoli"}}
  [1m[36mUser Load (0.9ms)[0m  [1m[34mSELECT "users".* FROM "users"[0m
  ↳ app/controllers/users_controller.rb:6:in `index'
Completed 200 OK in 6ms (Views: 4.6ms | ActiveRecord: 0.9ms | Allocations: 694)


Started POST "/users" for ::1 at 2023-06-07 17:37:00 -0400
Processing by UsersController#create as */*
  Parameters: {"user"=>{"name"=>"Jordy", "email"=>"Jor@dy.com"}}
  [1m[36mTRANSACTION (0.8ms)[0m  [1m[35mBEGIN[0m
  ↳ app/controllers/users_controller.rb:12:in `create'
  [1m[36mUser Create (4.0ms)[0m  [1m[32mINSERT INTO "users" ("name", "email", "created_at", "updated_at") VALUES ($1, $2, $3, $4) RETURNING "id"[0m  [["name", "Jordy"], ["email", "Jor@dy.com"], ["created_at", "2023-06-07 21:37:00.511702"], ["updated_at", "2023-06-07 21:37:00.511702"]]
  ↳ app/controllers/users_controller.rb:12:in `create'
  [1m[36mTRANSACTION (6.6ms)[0m  [1m[35mCOMMIT[0m
  ↳ app/controllers/users_controller.rb:12:in `create'
Completed 200 OK in 67ms (Views: 2.0ms | ActiveRecord: 19.5ms | Allocations: 8248)


Started GET "/users" for ::1 at 2023-06-07 17:37:08 -0400
Processing by UsersController#index as */*
  Parameters: {"user"=>{"name"=>"Jordy", "email"=>"Jor@dy.com"}}
  [1m[36mUser Load (2.9ms)[0m  [1m[34mSELECT "users".* FROM "users"[0m
  ↳ app/controllers/users_controller.rb:6:in `index'
Completed 200 OK in 8ms (Views: 5.1ms | ActiveRecord: 2.9ms | Allocations: 965)


Started GET "/users" for ::1 at 2023-06-07 17:39:02 -0400
Processing by UsersController#index as */*
  Parameters: {"user"=>{"name"=>"Jordy2"}}
  [1m[36mUser Load (2.6ms)[0m  [1m[34mSELECT "users".* FROM "users"[0m
  ↳ app/controllers/users_controller.rb:6:in `index'
Completed 200 OK in 10ms (Views: 6.9ms | ActiveRecord: 2.6ms | Allocations: 781)


Started POST "/users" for ::1 at 2023-06-07 17:39:19 -0400
Processing by UsersController#create as */*
  Parameters: {"user"=>{"name"=>"Jordy2"}}
  [1m[36mTRANSACTION (0.9ms)[0m  [1m[35mBEGIN[0m
  ↳ app/controllers/users_controller.rb:12:in `create'
  [1m[36mUser Create (1.7ms)[0m  [1m[32mINSERT INTO "users" ("name", "email", "created_at", "updated_at") VALUES ($1, $2, $3, $4) RETURNING "id"[0m  [["name", "Jordy2"], ["email", nil], ["created_at", "2023-06-07 21:39:19.126335"], ["updated_at", "2023-06-07 21:39:19.126335"]]
  ↳ app/controllers/users_controller.rb:12:in `create'
  [1m[36mTRANSACTION (6.9ms)[0m  [1m[35mCOMMIT[0m
  ↳ app/controllers/users_controller.rb:12:in `create'
Completed 200 OK in 17ms (Views: 0.6ms | ActiveRecord: 9.5ms | Allocations: 2803)


Started POST "/users" for ::1 at 2023-06-07 17:39:55 -0400
Processing by UsersController#create as */*
  Parameters: {"user"=>{"name"=>"Jordy2"}}
  [1m[36mTRANSACTION (0.2ms)[0m  [1m[35mBEGIN[0m
  ↳ app/controllers/users_controller.rb:12:in `create'
  [1m[36mUser Create (1.1ms)[0m  [1m[32mINSERT INTO "users" ("name", "email", "created_at", "updated_at") VALUES ($1, $2, $3, $4) RETURNING "id"[0m  [["name", "Jordy2"], ["email", nil], ["created_at", "2023-06-07 21:39:55.656240"], ["updated_at", "2023-06-07 21:39:55.656240"]]
  ↳ app/controllers/users_controller.rb:12:in `create'
  [1m[36mTRANSACTION (3.1ms)[0m  [1m[35mCOMMIT[0m
  ↳ app/controllers/users_controller.rb:12:in `create'
Completed 200 OK in 24ms (Views: 0.7ms | ActiveRecord: 11.1ms | Allocations: 4360)


Started POST "/users" for ::1 at 2023-06-07 17:44:11 -0400
Processing by UsersController#create as */*
  Parameters: {"user"=>{"name"=>"Jordy2"}}
  [1m[36mTRANSACTION (0.2ms)[0m  [1m[35mBEGIN[0m
  ↳ app/controllers/users_controller.rb:12:in `create'
  [1m[36mUser Create (0.4ms)[0m  [1m[32mINSERT INTO "users" ("name", "email", "created_at", "updated_at") VALUES ($1, $2, $3, $4) RETURNING "id"[0m  [["name", "Jordy2"], ["email", nil], ["created_at", "2023-06-07 21:44:11.671542"], ["updated_at", "2023-06-07 21:44:11.671542"]]
  ↳ app/controllers/users_controller.rb:12:in `create'
  [1m[36mTRANSACTION (3.5ms)[0m  [1m[35mCOMMIT[0m
  ↳ app/controllers/users_controller.rb:12:in `create'
Completed 200 OK in 55ms (Views: 2.1ms | ActiveRecord: 7.8ms | Allocations: 4342)


  [1m[36mActiveRecord::SchemaMigration Pluck (0.7ms)[0m  [1m[34mSELECT "schema_migrations"."version" FROM "schema_migrations" ORDER BY "schema_migrations"."version" ASC[0m
  [1m[36mActiveRecord::SchemaMigration Pluck (0.4ms)[0m  [1m[34mSELECT "schema_migrations"."version" FROM "schema_migrations" ORDER BY "schema_migrations"."version" ASC[0m
  [1m[36mActiveRecord::SchemaMigration Pluck (0.3ms)[0m  [1m[34mSELECT "schema_migrations"."version" FROM "schema_migrations" ORDER BY "schema_migrations"."version" ASC[0m
  [1m[35m (0.2ms)[0m  [1m[34mSELECT pg_try_advisory_lock(7974280239715595190)[0m
  [1m[36mActiveRecord::SchemaMigration Pluck (0.2ms)[0m  [1m[34mSELECT "schema_migrations"."version" FROM "schema_migrations" ORDER BY "schema_migrations"."version" ASC[0m
Migrating to CreateUsers (20230607212722)
  [1m[36mTRANSACTION (1.3ms)[0m  [1m[35mBEGIN[0m
  [1m[35m (30.0ms)[0m  [1m[35mDROP TABLE "users"[0m
  [1m[36mActiveRecord::SchemaMigration Delete All (4.5ms)[0m  [1m[31mDELETE FROM "schema_migrations" WHERE "schema_migrations"."version" = $1[0m  [["version", "20230607212722"]]
  [1m[36mTRANSACTION (16.2ms)[0m  [1m[35mCOMMIT[0m
  [1m[35m (0.5ms)[0m  [1m[34mSELECT pg_advisory_unlock(7974280239715595190)[0m
  [1m[36mActiveRecord::SchemaMigration Pluck (1.0ms)[0m  [1m[34mSELECT "schema_migrations"."version" FROM "schema_migrations" ORDER BY "schema_migrations"."version" ASC[0m
  [1m[35m (0.2ms)[0m  [1m[34mSELECT pg_try_advisory_lock(7974280239715595190)[0m
  [1m[36mActiveRecord::SchemaMigration Pluck (0.6ms)[0m  [1m[34mSELECT "schema_migrations"."version" FROM "schema_migrations" ORDER BY "schema_migrations"."version" ASC[0m
Migrating to CreateUsers (20230607212722)
  [1m[36mTRANSACTION (0.9ms)[0m  [1m[35mBEGIN[0m
  [1m[35m (10.1ms)[0m  [1m[35mCREATE TABLE "users" ("id" bigserial primary key, "name" character varying NOT NULL, "email" character varying NOT NULL, "created_at" timestamp(6) NOT NULL, "updated_at" timestamp(6) NOT NULL)[0m
  [1m[36mActiveRecord::SchemaMigration Create (0.4ms)[0m  [1m[32mINSERT INTO "schema_migrations" ("version") VALUES ($1) RETURNING "version"[0m  [["version", "20230607212722"]]
  [1m[36mTRANSACTION (0.7ms)[0m  [1m[35mCOMMIT[0m
  [1m[36mActiveRecord::InternalMetadata Load (0.4ms)[0m  [1m[34mSELECT "ar_internal_metadata".* FROM "ar_internal_metadata" WHERE "ar_internal_metadata"."key" = $1 LIMIT $2[0m  [["key", "environment"], ["LIMIT", 1]]
  [1m[35m (1.7ms)[0m  [1m[34mSELECT pg_advisory_unlock(7974280239715595190)[0m
  [1m[36mActiveRecord::SchemaMigration Pluck (1.0ms)[0m  [1m[34mSELECT "schema_migrations"."version" FROM "schema_migrations" ORDER BY "schema_migrations"."version" ASC[0m
Started POST "/users" for ::1 at 2023-06-07 17:45:21 -0400
  [1m[36mActiveRecord::SchemaMigration Pluck (0.3ms)[0m  [1m[34mSELECT "schema_migrations"."version" FROM "schema_migrations" ORDER BY "schema_migrations"."version" ASC[0m
Processing by UsersController#create as */*
  Parameters: {"user"=>{"name"=>"Jordy2"}}
  [1m[36mTRANSACTION (0.2ms)[0m  [1m[35mBEGIN[0m
  ↳ app/controllers/users_controller.rb:12:in `create'
  [1m[36mUser Create (10.1ms)[0m  [1m[32mINSERT INTO "users" ("name", "email", "created_at", "updated_at") VALUES ($1, $2, $3, $4) RETURNING "id"[0m  [["name", "Jordy2"], ["email", nil], ["created_at", "2023-06-07 21:45:22.020564"], ["updated_at", "2023-06-07 21:45:22.020564"]]
  ↳ app/controllers/users_controller.rb:12:in `create'
  [1m[36mTRANSACTION (1.3ms)[0m  [1m[31mROLLBACK[0m
  ↳ app/controllers/users_controller.rb:12:in `create'
Completed 500 Internal Server Error in 37ms (ActiveRecord: 15.6ms | Allocations: 5661)



ActiveRecord::NotNullViolation - PG::NotNullViolation: ERROR:  null value in column "email" of relation "users" violates not-null constraint
DETAIL:  Failing row contains (1, Jordy2, null, 2023-06-07 21:45:22.020564, 2023-06-07 21:45:22.020564).:
  app/controllers/users_controller.rb:12:in `create'

Started POST "/users" for ::1 at 2023-06-07 17:52:17 -0400
Processing by UsersController#create as */*
  Parameters: {"user"=>{"name"=>"Jordy2"}}
Completed 422 Unprocessable Entity in 68ms (Views: 0.3ms | ActiveRecord: 20.0ms | Allocations: 8160)


